[2020-12-01 18:16:54,674] SEVERE {b7a.log.crash} - TrustStore File /usr/lib/ballerina/distributions/ballerina-slp4/bre/security/ballerinaTruststore.p12 not found 
java.lang.IllegalArgumentException: TrustStore File /usr/lib/ballerina/distributions/ballerina-slp4/bre/security/ballerinaTruststore.p12 not found
	at org.ballerinalang.net.transport.contract.config.SslConfiguration.getSSLConfigForSender(SslConfiguration.java:256)
	at org.ballerinalang.net.transport.contract.config.SslConfiguration.getClientSSLConfig(SslConfiguration.java:184)
	at org.ballerinalang.net.transport.contractimpl.DefaultHttpClientConnector.initTargetChannelProperties(DefaultHttpClientConnector.java:362)
	at org.ballerinalang.net.transport.contractimpl.DefaultHttpClientConnector.<init>(DefaultHttpClientConnector.java:88)
	at org.ballerinalang.net.transport.contractimpl.DefaultHttpWsConnectorFactory.createHttpClientConnector(DefaultHttpWsConnectorFactory.java:155)
	at org.ballerinalang.net.http.clientendpoint.CreateSimpleHttpClient.createSimpleHttpClient(CreateSimpleHttpClient.java:108)
	at ballerina.http.1_0_1.client_endpoint.createSimpleHttpClient(client_endpoint.bal:349)
	at ballerina.http.1_0_1.$value$HttpClient.init(http_client.bal:38)
	at ballerina.http.1_0_1.$value$HttpClient.call(http_client.bal)
	at ballerina.http.1_0_1.$value$HttpClient.$init$(http_client.bal:25)
	at ballerina.http.1_0_1.$value$HttpClient.call(http_client.bal)
	at ballerina.http.1_0_1.http_client.createClient(http_client.bal:285)
	at ballerina.http.1_0_1.$value$HttpSecureClient.init(http_secure_client.bal:40)
	at ballerina.http.1_0_1.$value$HttpSecureClient.call(http_secure_client.bal)
	at ballerina.http.1_0_1.$value$HttpSecureClient.$init$(http_secure_client.bal:25)
	at ballerina.http.1_0_1.$value$HttpSecureClient.call(http_secure_client.bal)
	at ballerina.http.1_0_1.http_secure_client.createHttpSecureClient(http_secure_client.bal:313)
	at ballerina.http.1_0_1.$value$HttpCachingClient.init(caching/http_caching_client.bal:46)
	at ballerina.http.1_0_1.$value$HttpCachingClient.call(caching/http_caching_client.bal)
	at ballerina.http.1_0_1.$value$HttpCachingClient.$init$(caching/http_caching_client.bal:29)
	at ballerina.http.1_0_1.$value$HttpCachingClient.call(caching/http_caching_client.bal)
	at ballerina.http.1_0_1.caching.http_caching_client.createHttpCachingClient(caching/http_caching_client.bal:309)
	at ballerina.http.1_0_1.client_endpoint.createDefaultClient(client_endpoint.bal:613)
	at ballerina.http.1_0_1.client_endpoint.createCookieClient(client_endpoint.bal:608)
	at ballerina.http.1_0_1.client_endpoint.checkForRetry(client_endpoint.bal:513)
	at ballerina.http.1_0_1.client_endpoint.initialize(client_endpoint.bal:483)
	at ballerina.http.1_0_1.$value$Client.init(client_endpoint.bal:57)
	at ballerina.http.1_0_1.$value$Client.call(client_endpoint.bal)
	at ballerina.http.1_0_1.$value$Client.$init$(client_endpoint.bal:35)
	at ballerina.http.1_0_1.$value$Client.call(client_endpoint.bal)
	at $$$.$___init_2(.:26)
	at $$$.$___init_1(.:24)
	at $$$.$___init_0(.:5)
	at $_init.$___init_(.:0)
	at $_init.$moduleInit(.)
	at $_init.$lambda$$moduleInit$(.)
	at io.ballerina.runtime.scheduling.SchedulerItem.execute(Scheduler.java:501)
	at io.ballerina.runtime.scheduling.Scheduler.run(Scheduler.java:277)
	at io.ballerina.runtime.scheduling.Scheduler.runSafely(Scheduler.java:245)
	at java.base/java.lang.Thread.run(Unknown Source)
 
[2020-12-01 18:16:54,698] SEVERE {b7a.log.crash} - TrustStore File /usr/lib/ballerina/distributions/ballerina-slp4/bre/security/ballerinaTruststore.p12 not found 
java.lang.IllegalArgumentException: TrustStore File /usr/lib/ballerina/distributions/ballerina-slp4/bre/security/ballerinaTruststore.p12 not found
	at org.ballerinalang.net.transport.contract.config.SslConfiguration.getSSLConfigForSender(SslConfiguration.java:256)
	at org.ballerinalang.net.transport.contract.config.SslConfiguration.getClientSSLConfig(SslConfiguration.java:184)
	at org.ballerinalang.net.transport.contractimpl.DefaultHttpClientConnector.initTargetChannelProperties(DefaultHttpClientConnector.java:362)
	at org.ballerinalang.net.transport.contractimpl.DefaultHttpClientConnector.<init>(DefaultHttpClientConnector.java:88)
	at org.ballerinalang.net.transport.contractimpl.DefaultHttpWsConnectorFactory.createHttpClientConnector(DefaultHttpWsConnectorFactory.java:155)
	at org.ballerinalang.net.http.clientendpoint.CreateSimpleHttpClient.createSimpleHttpClient(CreateSimpleHttpClient.java:108)
	at ballerina.http.1_0_1.client_endpoint.createSimpleHttpClient(client_endpoint.bal:349)
	at ballerina.http.1_0_1.$value$HttpClient.init(http_client.bal:38)
	at ballerina.http.1_0_1.$value$HttpClient.call(http_client.bal)
	at ballerina.http.1_0_1.$value$HttpClient.$init$(http_client.bal:25)
	at ballerina.http.1_0_1.$value$HttpClient.call(http_client.bal)
	at ballerina.http.1_0_1.http_client.createClient(http_client.bal:285)
	at ballerina.http.1_0_1.$value$HttpSecureClient.init(http_secure_client.bal:40)
	at ballerina.http.1_0_1.$value$HttpSecureClient.call(http_secure_client.bal)
	at ballerina.http.1_0_1.$value$HttpSecureClient.$init$(http_secure_client.bal:25)
	at ballerina.http.1_0_1.$value$HttpSecureClient.call(http_secure_client.bal)
	at ballerina.http.1_0_1.http_secure_client.createHttpSecureClient(http_secure_client.bal:313)
	at ballerina.http.1_0_1.$value$HttpCachingClient.init(caching/http_caching_client.bal:46)
	at ballerina.http.1_0_1.$value$HttpCachingClient.call(caching/http_caching_client.bal)
	at ballerina.http.1_0_1.$value$HttpCachingClient.$init$(caching/http_caching_client.bal:29)
	at ballerina.http.1_0_1.$value$HttpCachingClient.call(caching/http_caching_client.bal)
	at ballerina.http.1_0_1.caching.http_caching_client.createHttpCachingClient(caching/http_caching_client.bal:309)
	at ballerina.http.1_0_1.client_endpoint.createDefaultClient(client_endpoint.bal:613)
	at ballerina.http.1_0_1.client_endpoint.createCookieClient(client_endpoint.bal:608)
	at ballerina.http.1_0_1.client_endpoint.checkForRetry(client_endpoint.bal:513)
	at ballerina.http.1_0_1.client_endpoint.initialize(client_endpoint.bal:483)
	at ballerina.http.1_0_1.$value$Client.init(client_endpoint.bal:57)
	at ballerina.http.1_0_1.$value$Client.call(client_endpoint.bal)
	at ballerina.http.1_0_1.$value$Client.$init$(client_endpoint.bal:35)
	at ballerina.http.1_0_1.$value$Client.call(client_endpoint.bal)
	at $$$.$___init_2(.:26)
	at $$$.$___init_1(.:24)
	at $$$.$___init_0(.:5)
	at $_init.$___init_(.:0)
	at $_init.$moduleInit(.)
	at $_init.$lambda$$moduleInit$(.)
	at io.ballerina.runtime.scheduling.SchedulerItem.execute(Scheduler.java:501)
	at io.ballerina.runtime.scheduling.Scheduler.run(Scheduler.java:277)
	at io.ballerina.runtime.scheduling.Scheduler.runSafely(Scheduler.java:245)
	at java.base/java.lang.Thread.run(Unknown Source)
 
[2020-12-01 18:17:05,539] SEVERE {b7a.log.crash} - TrustStore File /usr/lib/ballerina/distributions/ballerina-slp4/bre/security/ballerinaTruststore.p12 not found 
java.lang.IllegalArgumentException: TrustStore File /usr/lib/ballerina/distributions/ballerina-slp4/bre/security/ballerinaTruststore.p12 not found
	at org.ballerinalang.net.transport.contract.config.SslConfiguration.getSSLConfigForSender(SslConfiguration.java:256)
	at org.ballerinalang.net.transport.contract.config.SslConfiguration.getClientSSLConfig(SslConfiguration.java:184)
	at org.ballerinalang.net.transport.contractimpl.DefaultHttpClientConnector.initTargetChannelProperties(DefaultHttpClientConnector.java:362)
	at org.ballerinalang.net.transport.contractimpl.DefaultHttpClientConnector.<init>(DefaultHttpClientConnector.java:88)
	at org.ballerinalang.net.transport.contractimpl.DefaultHttpWsConnectorFactory.createHttpClientConnector(DefaultHttpWsConnectorFactory.java:155)
	at org.ballerinalang.net.http.clientendpoint.CreateSimpleHttpClient.createSimpleHttpClient(CreateSimpleHttpClient.java:108)
	at ballerina.http.1_0_1.client_endpoint.createSimpleHttpClient(client_endpoint.bal:349)
	at ballerina.http.1_0_1.$value$HttpClient.init(http_client.bal:38)
	at ballerina.http.1_0_1.$value$HttpClient.call(http_client.bal)
	at ballerina.http.1_0_1.$value$HttpClient.$init$(http_client.bal:25)
	at ballerina.http.1_0_1.$value$HttpClient.call(http_client.bal)
	at ballerina.http.1_0_1.http_client.createClient(http_client.bal:285)
	at ballerina.http.1_0_1.$value$HttpSecureClient.init(http_secure_client.bal:40)
	at ballerina.http.1_0_1.$value$HttpSecureClient.call(http_secure_client.bal)
	at ballerina.http.1_0_1.$value$HttpSecureClient.$init$(http_secure_client.bal:25)
	at ballerina.http.1_0_1.$value$HttpSecureClient.call(http_secure_client.bal)
	at ballerina.http.1_0_1.http_secure_client.createHttpSecureClient(http_secure_client.bal:313)
	at ballerina.http.1_0_1.$value$HttpCachingClient.init(caching/http_caching_client.bal:46)
	at ballerina.http.1_0_1.$value$HttpCachingClient.call(caching/http_caching_client.bal)
	at ballerina.http.1_0_1.$value$HttpCachingClient.$init$(caching/http_caching_client.bal:29)
	at ballerina.http.1_0_1.$value$HttpCachingClient.call(caching/http_caching_client.bal)
	at ballerina.http.1_0_1.caching.http_caching_client.createHttpCachingClient(caching/http_caching_client.bal:309)
	at ballerina.http.1_0_1.client_endpoint.createDefaultClient(client_endpoint.bal:613)
	at ballerina.http.1_0_1.client_endpoint.createCookieClient(client_endpoint.bal:608)
	at ballerina.http.1_0_1.client_endpoint.checkForRetry(client_endpoint.bal:513)
	at ballerina.http.1_0_1.client_endpoint.initialize(client_endpoint.bal:483)
	at ballerina.http.1_0_1.$value$Client.init(client_endpoint.bal:57)
	at ballerina.http.1_0_1.$value$Client.call(client_endpoint.bal)
	at ballerina.http.1_0_1.$value$Client.$init$(client_endpoint.bal:35)
	at ballerina.http.1_0_1.$value$Client.call(client_endpoint.bal)
	at $$$.$___init_2(.:26)
	at $$$.$___init_1(.:24)
	at $$$.$___init_0(.:5)
	at $_init.$___init_(.:0)
	at $_init.$moduleInit(.)
	at $_init.$lambda$$moduleInit$(.)
	at io.ballerina.runtime.scheduling.SchedulerItem.execute(Scheduler.java:501)
	at io.ballerina.runtime.scheduling.Scheduler.run(Scheduler.java:277)
	at io.ballerina.runtime.scheduling.Scheduler.runSafely(Scheduler.java:245)
	at java.base/java.lang.Thread.run(Unknown Source)
 
[2020-12-01 18:17:05,567] SEVERE {b7a.log.crash} - TrustStore File /usr/lib/ballerina/distributions/ballerina-slp4/bre/security/ballerinaTruststore.p12 not found 
java.lang.IllegalArgumentException: TrustStore File /usr/lib/ballerina/distributions/ballerina-slp4/bre/security/ballerinaTruststore.p12 not found
	at org.ballerinalang.net.transport.contract.config.SslConfiguration.getSSLConfigForSender(SslConfiguration.java:256)
	at org.ballerinalang.net.transport.contract.config.SslConfiguration.getClientSSLConfig(SslConfiguration.java:184)
	at org.ballerinalang.net.transport.contractimpl.DefaultHttpClientConnector.initTargetChannelProperties(DefaultHttpClientConnector.java:362)
	at org.ballerinalang.net.transport.contractimpl.DefaultHttpClientConnector.<init>(DefaultHttpClientConnector.java:88)
	at org.ballerinalang.net.transport.contractimpl.DefaultHttpWsConnectorFactory.createHttpClientConnector(DefaultHttpWsConnectorFactory.java:155)
	at org.ballerinalang.net.http.clientendpoint.CreateSimpleHttpClient.createSimpleHttpClient(CreateSimpleHttpClient.java:108)
	at ballerina.http.1_0_1.client_endpoint.createSimpleHttpClient(client_endpoint.bal:349)
	at ballerina.http.1_0_1.$value$HttpClient.init(http_client.bal:38)
	at ballerina.http.1_0_1.$value$HttpClient.call(http_client.bal)
	at ballerina.http.1_0_1.$value$HttpClient.$init$(http_client.bal:25)
	at ballerina.http.1_0_1.$value$HttpClient.call(http_client.bal)
	at ballerina.http.1_0_1.http_client.createClient(http_client.bal:285)
	at ballerina.http.1_0_1.$value$HttpSecureClient.init(http_secure_client.bal:40)
	at ballerina.http.1_0_1.$value$HttpSecureClient.call(http_secure_client.bal)
	at ballerina.http.1_0_1.$value$HttpSecureClient.$init$(http_secure_client.bal:25)
	at ballerina.http.1_0_1.$value$HttpSecureClient.call(http_secure_client.bal)
	at ballerina.http.1_0_1.http_secure_client.createHttpSecureClient(http_secure_client.bal:313)
	at ballerina.http.1_0_1.$value$HttpCachingClient.init(caching/http_caching_client.bal:46)
	at ballerina.http.1_0_1.$value$HttpCachingClient.call(caching/http_caching_client.bal)
	at ballerina.http.1_0_1.$value$HttpCachingClient.$init$(caching/http_caching_client.bal:29)
	at ballerina.http.1_0_1.$value$HttpCachingClient.call(caching/http_caching_client.bal)
	at ballerina.http.1_0_1.caching.http_caching_client.createHttpCachingClient(caching/http_caching_client.bal:309)
	at ballerina.http.1_0_1.client_endpoint.createDefaultClient(client_endpoint.bal:613)
	at ballerina.http.1_0_1.client_endpoint.createCookieClient(client_endpoint.bal:608)
	at ballerina.http.1_0_1.client_endpoint.checkForRetry(client_endpoint.bal:513)
	at ballerina.http.1_0_1.client_endpoint.initialize(client_endpoint.bal:483)
	at ballerina.http.1_0_1.$value$Client.init(client_endpoint.bal:57)
	at ballerina.http.1_0_1.$value$Client.call(client_endpoint.bal)
	at ballerina.http.1_0_1.$value$Client.$init$(client_endpoint.bal:35)
	at ballerina.http.1_0_1.$value$Client.call(client_endpoint.bal)
	at $$$.$___init_2(.:26)
	at $$$.$___init_1(.:24)
	at $$$.$___init_0(.:5)
	at $_init.$___init_(.:0)
	at $_init.$moduleInit(.)
	at $_init.$lambda$$moduleInit$(.)
	at io.ballerina.runtime.scheduling.SchedulerItem.execute(Scheduler.java:501)
	at io.ballerina.runtime.scheduling.Scheduler.run(Scheduler.java:277)
	at io.ballerina.runtime.scheduling.Scheduler.runSafely(Scheduler.java:245)
	at java.base/java.lang.Thread.run(Unknown Source)
 
