[2020-12-01 11:53:48,146] SEVERE {b7a.log.crash} - error("Error in SQL connector configuration: Failed to get driver instance for jdbcUrl=jdbc:mysql://localhost:3306/CustomerDB?serverTimezone=UTC Caused by :No suitable driver") 
io.ballerina.runtime.util.exceptions.BallerinaException: error("Error in SQL connector configuration: Failed to get driver instance for jdbcUrl=jdbc:mysql://localhost:3306/CustomerDB?serverTimezone=UTC Caused by :No suitable driver")
	at org.ballerinalang.test.runtime.entity.TesterinaFunction.runOnSchedule(TesterinaFunction.java:122)
	at org.ballerinalang.test.runtime.entity.TesterinaFunction.invoke(TesterinaFunction.java:56)
	at org.ballerinalang.test.runtime.BTestRunner.startSuite(BTestRunner.java:562)
	at org.ballerinalang.test.runtime.BTestRunner.execute(BTestRunner.java:288)
	at org.ballerinalang.test.runtime.BTestRunner.runTest(BTestRunner.java:107)
	at org.ballerinalang.test.runtime.util.TesterinaUtils.executeTests(TesterinaUtils.java:74)
	at org.ballerinalang.test.runtime.Main.startTestSuit(Main.java:60)
	at org.ballerinalang.test.runtime.Main.main(Main.java:52)
Caused by: error("Error in SQL connector configuration: Failed to get driver instance for jdbcUrl=jdbc:mysql://localhost:3306/CustomerDB?serverTimezone=UTC Caused by :No suitable driver")
	at io.ballerina.runtime.api.ErrorCreator.createDistinctError(ErrorCreator.java:154)
	at io.ballerina.runtime.api.ErrorCreator.createDistinctError(ErrorCreator.java:138)
	at org.ballerinalang.sql.utils.ErrorGenerator.getSQLApplicationError(ErrorGenerator.java:65)
	at org.ballerinalang.sql.datasource.SQLDatasource.buildDataSource(SQLDatasource.java:242)
	at org.ballerinalang.sql.datasource.SQLDatasource.<init>(SQLDatasource.java:55)
	at org.ballerinalang.sql.datasource.SQLDatasource.createAndInitDatasource(SQLDatasource.java:119)
	at org.ballerinalang.sql.datasource.SQLDatasource.lambda$retrieveDatasource$1(SQLDatasource.java:112)
	at java.base/java.util.concurrent.ConcurrentHashMap.computeIfAbsent(Unknown Source)
	at org.ballerinalang.sql.datasource.SQLDatasource.retrieveDatasource(SQLDatasource.java:111)
	at org.ballerinalang.sql.utils.ClientUtils.createClient(ClientUtils.java:43)
	at org.ballerinalang.jdbc.NativeImpl.createClient(NativeImpl.java:75)
	at ballerina.java_jdbc.0_5_1.client.createClient(client.bal:147)
	at ballerina.java_jdbc.0_5_1.$value$Client.init(client.bal:44)
	at ballerina.java_jdbc.0_5_1.$value$Client.call(client.bal)
	at ballerina.java_jdbc.0_5_1.$value$Client.$init$(client.bal:22)
	at ballerina.java_jdbc.0_5_1.$value$Client.call(client.bal)
	at aneesha.RESTModuleDB.0_1_0.RESTModuleDB.$aneesha_RESTModuleDB_0_1_0__init_0(RESTModuleDB:12)
	at aneesha.RESTModuleDB.0_1_0.$_init.$aneesha_RESTModuleDB_0_1_0__init_(RESTModuleDB:10)
	at aneesha.RESTModuleDB.0_1_0.$_init.$moduleInit(RESTModuleDB)
	at java.base/jdk.internal.reflect.NativeMethodAccessorImpl.invoke0(Native Method)
	at java.base/jdk.internal.reflect.NativeMethodAccessorImpl.invoke(Unknown Source)
	at java.base/jdk.internal.reflect.DelegatingMethodAccessorImpl.invoke(Unknown Source)
	at java.base/java.lang.reflect.Method.invoke(Unknown Source)
	at org.ballerinalang.test.runtime.entity.TesterinaFunction.lambda$runOnSchedule$0(TesterinaFunction.java:109)
	at io.ballerina.runtime.scheduling.SchedulerItem.execute(Scheduler.java:501)
	at io.ballerina.runtime.scheduling.Scheduler.run(Scheduler.java:277)
	at io.ballerina.runtime.scheduling.Scheduler.runSafely(Scheduler.java:245)
	at java.base/java.lang.Thread.run(Unknown Source)
 
[2020-12-01 11:55:33,978] SEVERE {b7a.log.crash} - error("Error in SQL connector configuration: Failed to get driver instance for jdbcUrl=jdbc:mysql://localhost:3306/CustomerDB?serverTimezone=UTC Caused by :No suitable driver") 
io.ballerina.runtime.util.exceptions.BallerinaException: error("Error in SQL connector configuration: Failed to get driver instance for jdbcUrl=jdbc:mysql://localhost:3306/CustomerDB?serverTimezone=UTC Caused by :No suitable driver")
	at org.ballerinalang.test.runtime.entity.TesterinaFunction.runOnSchedule(TesterinaFunction.java:122)
	at org.ballerinalang.test.runtime.entity.TesterinaFunction.invoke(TesterinaFunction.java:56)
	at org.ballerinalang.test.runtime.BTestRunner.startSuite(BTestRunner.java:562)
	at org.ballerinalang.test.runtime.BTestRunner.execute(BTestRunner.java:288)
	at org.ballerinalang.test.runtime.BTestRunner.runTest(BTestRunner.java:107)
	at org.ballerinalang.test.runtime.util.TesterinaUtils.executeTests(TesterinaUtils.java:74)
	at org.ballerinalang.test.runtime.Main.startTestSuit(Main.java:60)
	at org.ballerinalang.test.runtime.Main.main(Main.java:52)
Caused by: error("Error in SQL connector configuration: Failed to get driver instance for jdbcUrl=jdbc:mysql://localhost:3306/CustomerDB?serverTimezone=UTC Caused by :No suitable driver")
	at io.ballerina.runtime.api.ErrorCreator.createDistinctError(ErrorCreator.java:154)
	at io.ballerina.runtime.api.ErrorCreator.createDistinctError(ErrorCreator.java:138)
	at org.ballerinalang.sql.utils.ErrorGenerator.getSQLApplicationError(ErrorGenerator.java:65)
	at org.ballerinalang.sql.datasource.SQLDatasource.buildDataSource(SQLDatasource.java:242)
	at org.ballerinalang.sql.datasource.SQLDatasource.<init>(SQLDatasource.java:55)
	at org.ballerinalang.sql.datasource.SQLDatasource.createAndInitDatasource(SQLDatasource.java:119)
	at org.ballerinalang.sql.datasource.SQLDatasource.lambda$retrieveDatasource$1(SQLDatasource.java:112)
	at java.base/java.util.concurrent.ConcurrentHashMap.computeIfAbsent(Unknown Source)
	at org.ballerinalang.sql.datasource.SQLDatasource.retrieveDatasource(SQLDatasource.java:111)
	at org.ballerinalang.sql.utils.ClientUtils.createClient(ClientUtils.java:43)
	at org.ballerinalang.jdbc.NativeImpl.createClient(NativeImpl.java:75)
	at ballerina.java_jdbc.0_5_1.client.createClient(client.bal:147)
	at ballerina.java_jdbc.0_5_1.$value$Client.init(client.bal:44)
	at ballerina.java_jdbc.0_5_1.$value$Client.call(client.bal)
	at ballerina.java_jdbc.0_5_1.$value$Client.$init$(client.bal:22)
	at ballerina.java_jdbc.0_5_1.$value$Client.call(client.bal)
	at aneesha.RESTModuleDB.0_1_0.RESTModuleDB.$aneesha_RESTModuleDB_0_1_0__init_0(RESTModuleDB:12)
	at aneesha.RESTModuleDB.0_1_0.$_init.$aneesha_RESTModuleDB_0_1_0__init_(RESTModuleDB:10)
	at aneesha.RESTModuleDB.0_1_0.$_init.$moduleInit(RESTModuleDB)
	at java.base/jdk.internal.reflect.NativeMethodAccessorImpl.invoke0(Native Method)
	at java.base/jdk.internal.reflect.NativeMethodAccessorImpl.invoke(Unknown Source)
	at java.base/jdk.internal.reflect.DelegatingMethodAccessorImpl.invoke(Unknown Source)
	at java.base/java.lang.reflect.Method.invoke(Unknown Source)
	at org.ballerinalang.test.runtime.entity.TesterinaFunction.lambda$runOnSchedule$0(TesterinaFunction.java:109)
	at io.ballerina.runtime.scheduling.SchedulerItem.execute(Scheduler.java:501)
	at io.ballerina.runtime.scheduling.Scheduler.run(Scheduler.java:277)
	at io.ballerina.runtime.scheduling.Scheduler.runSafely(Scheduler.java:245)
	at java.base/java.lang.Thread.run(Unknown Source)
 
[2020-12-01 22:24:38,508] SEVERE {b7a.log.crash} - null 
java.lang.NullPointerException
	at org.ballerinalang.net.http.HttpUtil.getErrorMessage(HttpUtil.java:473)
	at org.ballerinalang.net.http.HttpUtil.handleFailure(HttpUtil.java:464)
	at org.ballerinalang.net.http.HttpCallableUnitCallback.notifyFailure(HttpCallableUnitCallback.java:41)
	at io.ballerina.runtime.scheduling.Scheduler.postProcess(Scheduler.java:337)
	at io.ballerina.runtime.scheduling.Scheduler.run(Scheduler.java:293)
	at io.ballerina.runtime.scheduling.Scheduler.runSafely(Scheduler.java:245)
	at java.base/java.lang.Thread.run(Unknown Source)
 
[2020-12-01 22:27:12,248] SEVERE {b7a.log.crash} - null 
java.lang.NullPointerException
	at org.ballerinalang.net.http.HttpUtil.getErrorMessage(HttpUtil.java:473)
	at org.ballerinalang.net.http.HttpUtil.handleFailure(HttpUtil.java:464)
	at org.ballerinalang.net.http.HttpCallableUnitCallback.notifyFailure(HttpCallableUnitCallback.java:41)
	at io.ballerina.runtime.scheduling.Scheduler.postProcess(Scheduler.java:337)
	at io.ballerina.runtime.scheduling.Scheduler.run(Scheduler.java:293)
	at io.ballerina.runtime.scheduling.Scheduler.runSafely(Scheduler.java:245)
	at java.base/java.lang.Thread.run(Unknown Source)
 
[2020-12-01 22:27:23,918] SEVERE {b7a.log.crash} - null 
java.lang.NullPointerException
	at org.ballerinalang.net.http.HttpUtil.getErrorMessage(HttpUtil.java:473)
	at org.ballerinalang.net.http.HttpUtil.handleFailure(HttpUtil.java:464)
	at org.ballerinalang.net.http.HttpCallableUnitCallback.notifyFailure(HttpCallableUnitCallback.java:41)
	at io.ballerina.runtime.scheduling.Scheduler.postProcess(Scheduler.java:337)
	at io.ballerina.runtime.scheduling.Scheduler.run(Scheduler.java:293)
	at io.ballerina.runtime.scheduling.Scheduler.runSafely(Scheduler.java:245)
	at java.base/java.lang.Thread.run(Unknown Source)
 
[2020-12-01 22:30:25,360] SEVERE {b7a.log.crash} - null 
java.lang.NullPointerException
	at org.ballerinalang.net.http.HttpUtil.getErrorMessage(HttpUtil.java:473)
	at org.ballerinalang.net.http.HttpUtil.handleFailure(HttpUtil.java:464)
	at org.ballerinalang.net.http.HttpCallableUnitCallback.notifyFailure(HttpCallableUnitCallback.java:41)
	at io.ballerina.runtime.scheduling.Scheduler.postProcess(Scheduler.java:337)
	at io.ballerina.runtime.scheduling.Scheduler.run(Scheduler.java:293)
	at io.ballerina.runtime.scheduling.Scheduler.runSafely(Scheduler.java:245)
	at java.base/java.lang.Thread.run(Unknown Source)
 
[2020-12-01 22:30:37,589] SEVERE {b7a.log.crash} - null 
java.lang.NullPointerException
	at org.ballerinalang.net.http.HttpUtil.getErrorMessage(HttpUtil.java:473)
	at org.ballerinalang.net.http.HttpUtil.handleFailure(HttpUtil.java:464)
	at org.ballerinalang.net.http.HttpCallableUnitCallback.notifyFailure(HttpCallableUnitCallback.java:41)
	at io.ballerina.runtime.scheduling.Scheduler.postProcess(Scheduler.java:337)
	at io.ballerina.runtime.scheduling.Scheduler.run(Scheduler.java:293)
	at io.ballerina.runtime.scheduling.Scheduler.runSafely(Scheduler.java:245)
	at java.base/java.lang.Thread.run(Unknown Source)
 
[2020-12-01 22:32:19,157] SEVERE {b7a.log.crash} - null 
java.lang.NullPointerException
	at org.ballerinalang.net.http.HttpUtil.getErrorMessage(HttpUtil.java:473)
	at org.ballerinalang.net.http.HttpUtil.handleFailure(HttpUtil.java:464)
	at org.ballerinalang.net.http.HttpCallableUnitCallback.notifyFailure(HttpCallableUnitCallback.java:41)
	at io.ballerina.runtime.scheduling.Scheduler.postProcess(Scheduler.java:337)
	at io.ballerina.runtime.scheduling.Scheduler.run(Scheduler.java:293)
	at io.ballerina.runtime.scheduling.Scheduler.runSafely(Scheduler.java:245)
	at java.base/java.lang.Thread.run(Unknown Source)
 
[2020-12-01 22:33:56,696] SEVERE {b7a.log.crash} - null 
java.lang.NullPointerException
	at org.ballerinalang.net.http.HttpUtil.getErrorMessage(HttpUtil.java:473)
	at org.ballerinalang.net.http.HttpUtil.handleFailure(HttpUtil.java:464)
	at org.ballerinalang.net.http.HttpCallableUnitCallback.notifyFailure(HttpCallableUnitCallback.java:41)
	at io.ballerina.runtime.scheduling.Scheduler.postProcess(Scheduler.java:337)
	at io.ballerina.runtime.scheduling.Scheduler.run(Scheduler.java:293)
	at io.ballerina.runtime.scheduling.Scheduler.runSafely(Scheduler.java:245)
	at java.base/java.lang.Thread.run(Unknown Source)
 
[2020-12-02 09:21:21,230] SEVERE {b7a.log.crash} - class org.wso2.ballerinalang.compiler.tree.statements.BLangWorkerSend cannot be cast to class org.wso2.ballerinalang.compiler.tree.expressions.BLangExpression (org.wso2.ballerinalang.compiler.tree.statements.BLangWorkerSend and org.wso2.ballerinalang.compiler.tree.expressions.BLangExpression are in unnamed module of loader 'app') 
java.lang.ClassCastException: class org.wso2.ballerinalang.compiler.tree.statements.BLangWorkerSend cannot be cast to class org.wso2.ballerinalang.compiler.tree.expressions.BLangExpression (org.wso2.ballerinalang.compiler.tree.statements.BLangWorkerSend and org.wso2.ballerinalang.compiler.tree.expressions.BLangExpression are in unnamed module of loader 'app')
	at org.wso2.ballerinalang.compiler.parser.BLangNodeTransformer.createExpression(BLangNodeTransformer.java:4201)
	at org.wso2.ballerinalang.compiler.parser.BLangNodeTransformer.createBLangVarDef(BLangNodeTransformer.java:2650)
	at org.wso2.ballerinalang.compiler.parser.BLangNodeTransformer.transform(BLangNodeTransformer.java:2619)
	at org.wso2.ballerinalang.compiler.parser.BLangNodeTransformer.transform(BLangNodeTransformer.java:436)
	at io.ballerina.compiler.syntax.tree.VariableDeclarationNode.apply(VariableDeclarationNode.java:67)
	at org.wso2.ballerinalang.compiler.parser.BLangNodeTransformer.generateAndAddBLangStatements(BLangNodeTransformer.java:4112)
	at org.wso2.ballerinalang.compiler.parser.BLangNodeTransformer.generateBLangStatements(BLangNodeTransformer.java:4100)
	at org.wso2.ballerinalang.compiler.parser.BLangNodeTransformer.transform(BLangNodeTransformer.java:2564)
	at org.wso2.ballerinalang.compiler.parser.BLangNodeTransformer.transform(BLangNodeTransformer.java:436)
	at io.ballerina.compiler.syntax.tree.BlockStatementNode.apply(BlockStatementNode.java:54)
	at org.wso2.ballerinalang.compiler.parser.BLangNodeTransformer.transform(BLangNodeTransformer.java:2550)
	at org.wso2.ballerinalang.compiler.parser.BLangNodeTransformer.transform(BLangNodeTransformer.java:436)
	at io.ballerina.compiler.syntax.tree.IfElseStatementNode.apply(IfElseStatementNode.java:59)
	at org.wso2.ballerinalang.compiler.parser.BLangNodeTransformer.generateAndAddBLangStatements(BLangNodeTransformer.java:4112)
	at org.wso2.ballerinalang.compiler.parser.BLangNodeTransformer.transform(BLangNodeTransformer.java:1438)
	at org.wso2.ballerinalang.compiler.parser.BLangNodeTransformer.transform(BLangNodeTransformer.java:436)
	at io.ballerina.compiler.syntax.tree.FunctionBodyBlockNode.apply(FunctionBodyBlockNode.java:59)
	at org.wso2.ballerinalang.compiler.parser.BLangNodeTransformer.createFunctionNode(BLangNodeTransformer.java:1345)
	at org.wso2.ballerinalang.compiler.parser.BLangNodeTransformer.transform(BLangNodeTransformer.java:1316)
	at org.wso2.ballerinalang.compiler.parser.BLangNodeTransformer.transform(BLangNodeTransformer.java:436)
	at io.ballerina.compiler.syntax.tree.FunctionDefinitionNode.apply(FunctionDefinitionNode.java:67)
	at org.wso2.ballerinalang.compiler.parser.BLangNodeTransformer.addServiceConstructsToClassDefinition(BLangNodeTransformer.java:1163)
	at org.wso2.ballerinalang.compiler.parser.BLangNodeTransformer.createService(BLangNodeTransformer.java:1114)
	at org.wso2.ballerinalang.compiler.parser.BLangNodeTransformer.transform(BLangNodeTransformer.java:1051)
	at org.wso2.ballerinalang.compiler.parser.BLangNodeTransformer.transform(BLangNodeTransformer.java:436)
	at io.ballerina.compiler.syntax.tree.ServiceDeclarationNode.apply(ServiceDeclarationNode.java:67)
	at org.wso2.ballerinalang.compiler.parser.BLangNodeTransformer.transform(BLangNodeTransformer.java:530)
	at org.wso2.ballerinalang.compiler.parser.BLangNodeTransformer.transform(BLangNodeTransformer.java:436)
	at io.ballerina.compiler.syntax.tree.ModulePartNode.apply(ModulePartNode.java:54)
	at org.wso2.ballerinalang.compiler.parser.BLangNodeTransformer.accept(BLangNodeTransformer.java:460)
	at org.wso2.ballerinalang.compiler.parser.Parser.generateCompilationUnitNew(Parser.java:121)
	at org.wso2.ballerinalang.compiler.parser.Parser.parse(Parser.java:94)
	at org.wso2.ballerinalang.compiler.PackageLoader.parse(PackageLoader.java:487)
	at org.wso2.ballerinalang.compiler.PackageLoader.loadEntryPackage(PackageLoader.java:374)
	at org.wso2.ballerinalang.compiler.Compiler.compilePackages(Compiler.java:166)
	at org.wso2.ballerinalang.compiler.Compiler.compilePackages(Compiler.java:147)
	at org.ballerinalang.packerina.task.CompileTask.execute(CompileTask.java:66)
	at org.ballerinalang.packerina.TaskExecutor.executeTasks(TaskExecutor.java:38)
	at org.ballerinalang.packerina.cmd.TestCommand.execute(TestCommand.java:433)
	at java.base/java.util.Optional.ifPresent(Unknown Source)
	at org.ballerinalang.tool.Main.main(Main.java:57)
 
[2020-12-02 09:21:32,794] SEVERE {b7a.log.crash} - class org.wso2.ballerinalang.compiler.tree.statements.BLangWorkerSend cannot be cast to class org.wso2.ballerinalang.compiler.tree.expressions.BLangExpression (org.wso2.ballerinalang.compiler.tree.statements.BLangWorkerSend and org.wso2.ballerinalang.compiler.tree.expressions.BLangExpression are in unnamed module of loader 'app') 
java.lang.ClassCastException: class org.wso2.ballerinalang.compiler.tree.statements.BLangWorkerSend cannot be cast to class org.wso2.ballerinalang.compiler.tree.expressions.BLangExpression (org.wso2.ballerinalang.compiler.tree.statements.BLangWorkerSend and org.wso2.ballerinalang.compiler.tree.expressions.BLangExpression are in unnamed module of loader 'app')
	at org.wso2.ballerinalang.compiler.parser.BLangNodeTransformer.createExpression(BLangNodeTransformer.java:4201)
	at org.wso2.ballerinalang.compiler.parser.BLangNodeTransformer.createBLangVarDef(BLangNodeTransformer.java:2650)
	at org.wso2.ballerinalang.compiler.parser.BLangNodeTransformer.transform(BLangNodeTransformer.java:2619)
	at org.wso2.ballerinalang.compiler.parser.BLangNodeTransformer.transform(BLangNodeTransformer.java:436)
	at io.ballerina.compiler.syntax.tree.VariableDeclarationNode.apply(VariableDeclarationNode.java:67)
	at org.wso2.ballerinalang.compiler.parser.BLangNodeTransformer.generateAndAddBLangStatements(BLangNodeTransformer.java:4112)
	at org.wso2.ballerinalang.compiler.parser.BLangNodeTransformer.generateBLangStatements(BLangNodeTransformer.java:4100)
	at org.wso2.ballerinalang.compiler.parser.BLangNodeTransformer.transform(BLangNodeTransformer.java:2564)
	at org.wso2.ballerinalang.compiler.parser.BLangNodeTransformer.transform(BLangNodeTransformer.java:436)
	at io.ballerina.compiler.syntax.tree.BlockStatementNode.apply(BlockStatementNode.java:54)
	at org.wso2.ballerinalang.compiler.parser.BLangNodeTransformer.transform(BLangNodeTransformer.java:2550)
	at org.wso2.ballerinalang.compiler.parser.BLangNodeTransformer.transform(BLangNodeTransformer.java:436)
	at io.ballerina.compiler.syntax.tree.IfElseStatementNode.apply(IfElseStatementNode.java:59)
	at org.wso2.ballerinalang.compiler.parser.BLangNodeTransformer.generateAndAddBLangStatements(BLangNodeTransformer.java:4112)
	at org.wso2.ballerinalang.compiler.parser.BLangNodeTransformer.transform(BLangNodeTransformer.java:1438)
	at org.wso2.ballerinalang.compiler.parser.BLangNodeTransformer.transform(BLangNodeTransformer.java:436)
	at io.ballerina.compiler.syntax.tree.FunctionBodyBlockNode.apply(FunctionBodyBlockNode.java:59)
	at org.wso2.ballerinalang.compiler.parser.BLangNodeTransformer.createFunctionNode(BLangNodeTransformer.java:1345)
	at org.wso2.ballerinalang.compiler.parser.BLangNodeTransformer.transform(BLangNodeTransformer.java:1316)
	at org.wso2.ballerinalang.compiler.parser.BLangNodeTransformer.transform(BLangNodeTransformer.java:436)
	at io.ballerina.compiler.syntax.tree.FunctionDefinitionNode.apply(FunctionDefinitionNode.java:67)
	at org.wso2.ballerinalang.compiler.parser.BLangNodeTransformer.addServiceConstructsToClassDefinition(BLangNodeTransformer.java:1163)
	at org.wso2.ballerinalang.compiler.parser.BLangNodeTransformer.createService(BLangNodeTransformer.java:1114)
	at org.wso2.ballerinalang.compiler.parser.BLangNodeTransformer.transform(BLangNodeTransformer.java:1051)
	at org.wso2.ballerinalang.compiler.parser.BLangNodeTransformer.transform(BLangNodeTransformer.java:436)
	at io.ballerina.compiler.syntax.tree.ServiceDeclarationNode.apply(ServiceDeclarationNode.java:67)
	at org.wso2.ballerinalang.compiler.parser.BLangNodeTransformer.transform(BLangNodeTransformer.java:530)
	at org.wso2.ballerinalang.compiler.parser.BLangNodeTransformer.transform(BLangNodeTransformer.java:436)
	at io.ballerina.compiler.syntax.tree.ModulePartNode.apply(ModulePartNode.java:54)
	at org.wso2.ballerinalang.compiler.parser.BLangNodeTransformer.accept(BLangNodeTransformer.java:460)
	at org.wso2.ballerinalang.compiler.parser.Parser.generateCompilationUnitNew(Parser.java:121)
	at org.wso2.ballerinalang.compiler.parser.Parser.parse(Parser.java:94)
	at org.wso2.ballerinalang.compiler.PackageLoader.parse(PackageLoader.java:487)
	at org.wso2.ballerinalang.compiler.PackageLoader.loadEntryPackage(PackageLoader.java:374)
	at org.wso2.ballerinalang.compiler.Compiler.compilePackages(Compiler.java:166)
	at org.wso2.ballerinalang.compiler.Compiler.compilePackages(Compiler.java:147)
	at org.ballerinalang.packerina.task.CompileTask.execute(CompileTask.java:66)
	at org.ballerinalang.packerina.TaskExecutor.executeTasks(TaskExecutor.java:38)
	at org.ballerinalang.packerina.cmd.TestCommand.execute(TestCommand.java:433)
	at java.base/java.util.Optional.ifPresent(Unknown Source)
	at org.ballerinalang.tool.Main.main(Main.java:57)
 
[2020-12-02 09:21:52,639] SEVERE {b7a.log.crash} - class org.wso2.ballerinalang.compiler.tree.statements.BLangWorkerSend cannot be cast to class org.wso2.ballerinalang.compiler.tree.expressions.BLangExpression (org.wso2.ballerinalang.compiler.tree.statements.BLangWorkerSend and org.wso2.ballerinalang.compiler.tree.expressions.BLangExpression are in unnamed module of loader 'app') 
java.lang.ClassCastException: class org.wso2.ballerinalang.compiler.tree.statements.BLangWorkerSend cannot be cast to class org.wso2.ballerinalang.compiler.tree.expressions.BLangExpression (org.wso2.ballerinalang.compiler.tree.statements.BLangWorkerSend and org.wso2.ballerinalang.compiler.tree.expressions.BLangExpression are in unnamed module of loader 'app')
	at org.wso2.ballerinalang.compiler.parser.BLangNodeTransformer.createExpression(BLangNodeTransformer.java:4201)
	at org.wso2.ballerinalang.compiler.parser.BLangNodeTransformer.createBLangVarDef(BLangNodeTransformer.java:2650)
	at org.wso2.ballerinalang.compiler.parser.BLangNodeTransformer.transform(BLangNodeTransformer.java:2619)
	at org.wso2.ballerinalang.compiler.parser.BLangNodeTransformer.transform(BLangNodeTransformer.java:436)
	at io.ballerina.compiler.syntax.tree.VariableDeclarationNode.apply(VariableDeclarationNode.java:67)
	at org.wso2.ballerinalang.compiler.parser.BLangNodeTransformer.generateAndAddBLangStatements(BLangNodeTransformer.java:4112)
	at org.wso2.ballerinalang.compiler.parser.BLangNodeTransformer.generateBLangStatements(BLangNodeTransformer.java:4100)
	at org.wso2.ballerinalang.compiler.parser.BLangNodeTransformer.transform(BLangNodeTransformer.java:2564)
	at org.wso2.ballerinalang.compiler.parser.BLangNodeTransformer.transform(BLangNodeTransformer.java:436)
	at io.ballerina.compiler.syntax.tree.BlockStatementNode.apply(BlockStatementNode.java:54)
	at org.wso2.ballerinalang.compiler.parser.BLangNodeTransformer.transform(BLangNodeTransformer.java:2550)
	at org.wso2.ballerinalang.compiler.parser.BLangNodeTransformer.transform(BLangNodeTransformer.java:436)
	at io.ballerina.compiler.syntax.tree.IfElseStatementNode.apply(IfElseStatementNode.java:59)
	at org.wso2.ballerinalang.compiler.parser.BLangNodeTransformer.generateAndAddBLangStatements(BLangNodeTransformer.java:4112)
	at org.wso2.ballerinalang.compiler.parser.BLangNodeTransformer.transform(BLangNodeTransformer.java:1438)
	at org.wso2.ballerinalang.compiler.parser.BLangNodeTransformer.transform(BLangNodeTransformer.java:436)
	at io.ballerina.compiler.syntax.tree.FunctionBodyBlockNode.apply(FunctionBodyBlockNode.java:59)
	at org.wso2.ballerinalang.compiler.parser.BLangNodeTransformer.createFunctionNode(BLangNodeTransformer.java:1345)
	at org.wso2.ballerinalang.compiler.parser.BLangNodeTransformer.transform(BLangNodeTransformer.java:1316)
	at org.wso2.ballerinalang.compiler.parser.BLangNodeTransformer.transform(BLangNodeTransformer.java:436)
	at io.ballerina.compiler.syntax.tree.FunctionDefinitionNode.apply(FunctionDefinitionNode.java:67)
	at org.wso2.ballerinalang.compiler.parser.BLangNodeTransformer.addServiceConstructsToClassDefinition(BLangNodeTransformer.java:1163)
	at org.wso2.ballerinalang.compiler.parser.BLangNodeTransformer.createService(BLangNodeTransformer.java:1114)
	at org.wso2.ballerinalang.compiler.parser.BLangNodeTransformer.transform(BLangNodeTransformer.java:1051)
	at org.wso2.ballerinalang.compiler.parser.BLangNodeTransformer.transform(BLangNodeTransformer.java:436)
	at io.ballerina.compiler.syntax.tree.ServiceDeclarationNode.apply(ServiceDeclarationNode.java:67)
	at org.wso2.ballerinalang.compiler.parser.BLangNodeTransformer.transform(BLangNodeTransformer.java:530)
	at org.wso2.ballerinalang.compiler.parser.BLangNodeTransformer.transform(BLangNodeTransformer.java:436)
	at io.ballerina.compiler.syntax.tree.ModulePartNode.apply(ModulePartNode.java:54)
	at org.wso2.ballerinalang.compiler.parser.BLangNodeTransformer.accept(BLangNodeTransformer.java:460)
	at org.wso2.ballerinalang.compiler.parser.Parser.generateCompilationUnitNew(Parser.java:121)
	at org.wso2.ballerinalang.compiler.parser.Parser.parse(Parser.java:94)
	at org.wso2.ballerinalang.compiler.PackageLoader.parse(PackageLoader.java:487)
	at org.wso2.ballerinalang.compiler.PackageLoader.loadEntryPackage(PackageLoader.java:374)
	at org.wso2.ballerinalang.compiler.Compiler.compilePackages(Compiler.java:166)
	at org.wso2.ballerinalang.compiler.Compiler.compilePackages(Compiler.java:147)
	at org.ballerinalang.packerina.task.CompileTask.execute(CompileTask.java:66)
	at org.ballerinalang.packerina.TaskExecutor.executeTasks(TaskExecutor.java:38)
	at org.ballerinalang.packerina.cmd.TestCommand.execute(TestCommand.java:433)
	at java.base/java.util.Optional.ifPresent(Unknown Source)
	at org.ballerinalang.tool.Main.main(Main.java:57)
 
[2020-12-02 09:23:19,174] SEVERE {b7a.log.crash} - class org.wso2.ballerinalang.compiler.tree.statements.BLangWorkerSend cannot be cast to class org.wso2.ballerinalang.compiler.tree.expressions.BLangExpression (org.wso2.ballerinalang.compiler.tree.statements.BLangWorkerSend and org.wso2.ballerinalang.compiler.tree.expressions.BLangExpression are in unnamed module of loader 'app') 
java.lang.ClassCastException: class org.wso2.ballerinalang.compiler.tree.statements.BLangWorkerSend cannot be cast to class org.wso2.ballerinalang.compiler.tree.expressions.BLangExpression (org.wso2.ballerinalang.compiler.tree.statements.BLangWorkerSend and org.wso2.ballerinalang.compiler.tree.expressions.BLangExpression are in unnamed module of loader 'app')
	at org.wso2.ballerinalang.compiler.parser.BLangNodeTransformer.createExpression(BLangNodeTransformer.java:4201)
	at org.wso2.ballerinalang.compiler.parser.BLangNodeTransformer.createBLangVarDef(BLangNodeTransformer.java:2650)
	at org.wso2.ballerinalang.compiler.parser.BLangNodeTransformer.transform(BLangNodeTransformer.java:2619)
	at org.wso2.ballerinalang.compiler.parser.BLangNodeTransformer.transform(BLangNodeTransformer.java:436)
	at io.ballerina.compiler.syntax.tree.VariableDeclarationNode.apply(VariableDeclarationNode.java:67)
	at org.wso2.ballerinalang.compiler.parser.BLangNodeTransformer.generateAndAddBLangStatements(BLangNodeTransformer.java:4112)
	at org.wso2.ballerinalang.compiler.parser.BLangNodeTransformer.generateBLangStatements(BLangNodeTransformer.java:4100)
	at org.wso2.ballerinalang.compiler.parser.BLangNodeTransformer.transform(BLangNodeTransformer.java:2564)
	at org.wso2.ballerinalang.compiler.parser.BLangNodeTransformer.transform(BLangNodeTransformer.java:436)
	at io.ballerina.compiler.syntax.tree.BlockStatementNode.apply(BlockStatementNode.java:54)
	at org.wso2.ballerinalang.compiler.parser.BLangNodeTransformer.transform(BLangNodeTransformer.java:2550)
	at org.wso2.ballerinalang.compiler.parser.BLangNodeTransformer.transform(BLangNodeTransformer.java:436)
	at io.ballerina.compiler.syntax.tree.IfElseStatementNode.apply(IfElseStatementNode.java:59)
	at org.wso2.ballerinalang.compiler.parser.BLangNodeTransformer.generateAndAddBLangStatements(BLangNodeTransformer.java:4112)
	at org.wso2.ballerinalang.compiler.parser.BLangNodeTransformer.transform(BLangNodeTransformer.java:1438)
	at org.wso2.ballerinalang.compiler.parser.BLangNodeTransformer.transform(BLangNodeTransformer.java:436)
	at io.ballerina.compiler.syntax.tree.FunctionBodyBlockNode.apply(FunctionBodyBlockNode.java:59)
	at org.wso2.ballerinalang.compiler.parser.BLangNodeTransformer.createFunctionNode(BLangNodeTransformer.java:1345)
	at org.wso2.ballerinalang.compiler.parser.BLangNodeTransformer.transform(BLangNodeTransformer.java:1316)
	at org.wso2.ballerinalang.compiler.parser.BLangNodeTransformer.transform(BLangNodeTransformer.java:436)
	at io.ballerina.compiler.syntax.tree.FunctionDefinitionNode.apply(FunctionDefinitionNode.java:67)
	at org.wso2.ballerinalang.compiler.parser.BLangNodeTransformer.addServiceConstructsToClassDefinition(BLangNodeTransformer.java:1163)
	at org.wso2.ballerinalang.compiler.parser.BLangNodeTransformer.createService(BLangNodeTransformer.java:1114)
	at org.wso2.ballerinalang.compiler.parser.BLangNodeTransformer.transform(BLangNodeTransformer.java:1051)
	at org.wso2.ballerinalang.compiler.parser.BLangNodeTransformer.transform(BLangNodeTransformer.java:436)
	at io.ballerina.compiler.syntax.tree.ServiceDeclarationNode.apply(ServiceDeclarationNode.java:67)
	at org.wso2.ballerinalang.compiler.parser.BLangNodeTransformer.transform(BLangNodeTransformer.java:530)
	at org.wso2.ballerinalang.compiler.parser.BLangNodeTransformer.transform(BLangNodeTransformer.java:436)
	at io.ballerina.compiler.syntax.tree.ModulePartNode.apply(ModulePartNode.java:54)
	at org.wso2.ballerinalang.compiler.parser.BLangNodeTransformer.accept(BLangNodeTransformer.java:460)
	at org.wso2.ballerinalang.compiler.parser.Parser.generateCompilationUnitNew(Parser.java:121)
	at org.wso2.ballerinalang.compiler.parser.Parser.parse(Parser.java:94)
	at org.wso2.ballerinalang.compiler.PackageLoader.parse(PackageLoader.java:487)
	at org.wso2.ballerinalang.compiler.PackageLoader.loadEntryPackage(PackageLoader.java:374)
	at org.wso2.ballerinalang.compiler.Compiler.compilePackages(Compiler.java:166)
	at org.wso2.ballerinalang.compiler.Compiler.compilePackage(Compiler.java:221)
	at org.wso2.ballerinalang.compiler.Compiler.compile(Compiler.java:101)
	at org.wso2.ballerinalang.compiler.Compiler.build(Compiler.java:109)
	at org.ballerinalang.packerina.task.CompileTask.execute(CompileTask.java:55)
	at org.ballerinalang.packerina.TaskExecutor.executeTasks(TaskExecutor.java:38)
	at org.ballerinalang.packerina.cmd.RunCommand.execute(RunCommand.java:296)
	at java.base/java.util.Optional.ifPresent(Unknown Source)
	at org.ballerinalang.tool.Main.main(Main.java:57)
 
[2020-12-02 09:27:06,047] SEVERE {b7a.log.crash} - class org.wso2.ballerinalang.compiler.tree.statements.BLangWorkerSend cannot be cast to class org.wso2.ballerinalang.compiler.tree.expressions.BLangExpression (org.wso2.ballerinalang.compiler.tree.statements.BLangWorkerSend and org.wso2.ballerinalang.compiler.tree.expressions.BLangExpression are in unnamed module of loader 'app') 
java.lang.ClassCastException: class org.wso2.ballerinalang.compiler.tree.statements.BLangWorkerSend cannot be cast to class org.wso2.ballerinalang.compiler.tree.expressions.BLangExpression (org.wso2.ballerinalang.compiler.tree.statements.BLangWorkerSend and org.wso2.ballerinalang.compiler.tree.expressions.BLangExpression are in unnamed module of loader 'app')
	at org.wso2.ballerinalang.compiler.parser.BLangNodeTransformer.createExpression(BLangNodeTransformer.java:4201)
	at org.wso2.ballerinalang.compiler.parser.BLangNodeTransformer.createBLangVarDef(BLangNodeTransformer.java:2650)
	at org.wso2.ballerinalang.compiler.parser.BLangNodeTransformer.transform(BLangNodeTransformer.java:2619)
	at org.wso2.ballerinalang.compiler.parser.BLangNodeTransformer.transform(BLangNodeTransformer.java:436)
	at io.ballerina.compiler.syntax.tree.VariableDeclarationNode.apply(VariableDeclarationNode.java:67)
	at org.wso2.ballerinalang.compiler.parser.BLangNodeTransformer.generateAndAddBLangStatements(BLangNodeTransformer.java:4112)
	at org.wso2.ballerinalang.compiler.parser.BLangNodeTransformer.generateBLangStatements(BLangNodeTransformer.java:4100)
	at org.wso2.ballerinalang.compiler.parser.BLangNodeTransformer.transform(BLangNodeTransformer.java:2564)
	at org.wso2.ballerinalang.compiler.parser.BLangNodeTransformer.transform(BLangNodeTransformer.java:436)
	at io.ballerina.compiler.syntax.tree.BlockStatementNode.apply(BlockStatementNode.java:54)
	at org.wso2.ballerinalang.compiler.parser.BLangNodeTransformer.transform(BLangNodeTransformer.java:2550)
	at org.wso2.ballerinalang.compiler.parser.BLangNodeTransformer.transform(BLangNodeTransformer.java:436)
	at io.ballerina.compiler.syntax.tree.IfElseStatementNode.apply(IfElseStatementNode.java:59)
	at org.wso2.ballerinalang.compiler.parser.BLangNodeTransformer.generateAndAddBLangStatements(BLangNodeTransformer.java:4112)
	at org.wso2.ballerinalang.compiler.parser.BLangNodeTransformer.transform(BLangNodeTransformer.java:1438)
	at org.wso2.ballerinalang.compiler.parser.BLangNodeTransformer.transform(BLangNodeTransformer.java:436)
	at io.ballerina.compiler.syntax.tree.FunctionBodyBlockNode.apply(FunctionBodyBlockNode.java:59)
	at org.wso2.ballerinalang.compiler.parser.BLangNodeTransformer.createFunctionNode(BLangNodeTransformer.java:1345)
	at org.wso2.ballerinalang.compiler.parser.BLangNodeTransformer.transform(BLangNodeTransformer.java:1316)
	at org.wso2.ballerinalang.compiler.parser.BLangNodeTransformer.transform(BLangNodeTransformer.java:436)
	at io.ballerina.compiler.syntax.tree.FunctionDefinitionNode.apply(FunctionDefinitionNode.java:67)
	at org.wso2.ballerinalang.compiler.parser.BLangNodeTransformer.addServiceConstructsToClassDefinition(BLangNodeTransformer.java:1163)
	at org.wso2.ballerinalang.compiler.parser.BLangNodeTransformer.createService(BLangNodeTransformer.java:1114)
	at org.wso2.ballerinalang.compiler.parser.BLangNodeTransformer.transform(BLangNodeTransformer.java:1051)
	at org.wso2.ballerinalang.compiler.parser.BLangNodeTransformer.transform(BLangNodeTransformer.java:436)
	at io.ballerina.compiler.syntax.tree.ServiceDeclarationNode.apply(ServiceDeclarationNode.java:67)
	at org.wso2.ballerinalang.compiler.parser.BLangNodeTransformer.transform(BLangNodeTransformer.java:530)
	at org.wso2.ballerinalang.compiler.parser.BLangNodeTransformer.transform(BLangNodeTransformer.java:436)
	at io.ballerina.compiler.syntax.tree.ModulePartNode.apply(ModulePartNode.java:54)
	at org.wso2.ballerinalang.compiler.parser.BLangNodeTransformer.accept(BLangNodeTransformer.java:460)
	at org.wso2.ballerinalang.compiler.parser.Parser.generateCompilationUnitNew(Parser.java:121)
	at org.wso2.ballerinalang.compiler.parser.Parser.parse(Parser.java:94)
	at org.wso2.ballerinalang.compiler.PackageLoader.parse(PackageLoader.java:487)
	at org.wso2.ballerinalang.compiler.PackageLoader.loadEntryPackage(PackageLoader.java:374)
	at org.wso2.ballerinalang.compiler.Compiler.compilePackages(Compiler.java:166)
	at org.wso2.ballerinalang.compiler.Compiler.compilePackage(Compiler.java:221)
	at org.wso2.ballerinalang.compiler.Compiler.compile(Compiler.java:101)
	at org.wso2.ballerinalang.compiler.Compiler.build(Compiler.java:109)
	at org.ballerinalang.packerina.task.CompileTask.execute(CompileTask.java:55)
	at org.ballerinalang.packerina.TaskExecutor.executeTasks(TaskExecutor.java:38)
	at org.ballerinalang.packerina.cmd.RunCommand.execute(RunCommand.java:296)
	at java.base/java.util.Optional.ifPresent(Unknown Source)
	at org.ballerinalang.tool.Main.main(Main.java:57)
 
[2020-12-02 09:54:14,453] SEVERE {b7a.log.crash} - error("failed to start server connector '0.0.0.0:9090': Address already in use") 
io.ballerina.runtime.util.exceptions.BallerinaException: error("failed to start server connector '0.0.0.0:9090': Address already in use")
	at org.ballerinalang.test.runtime.entity.TesterinaFunction.runOnSchedule(TesterinaFunction.java:122)
	at org.ballerinalang.test.runtime.entity.TesterinaFunction.invoke(TesterinaFunction.java:56)
	at org.ballerinalang.test.runtime.BTestRunner.startSuite(BTestRunner.java:572)
	at org.ballerinalang.test.runtime.BTestRunner.execute(BTestRunner.java:288)
	at org.ballerinalang.test.runtime.BTestRunner.runTest(BTestRunner.java:107)
	at org.ballerinalang.test.runtime.util.TesterinaUtils.executeTests(TesterinaUtils.java:74)
	at org.ballerinalang.test.runtime.Main.startTestSuit(Main.java:60)
	at org.ballerinalang.test.runtime.Main.main(Main.java:52)
Caused by: error("failed to start server connector '0.0.0.0:9090': Address already in use")
	at io.ballerina.runtime.api.ErrorCreator.createDistinctError(ErrorCreator.java:154)
	at io.ballerina.runtime.api.ErrorCreator.createDistinctError(ErrorCreator.java:138)
	at org.ballerinalang.net.http.HttpUtil.createHttpError(HttpUtil.java:564)
	at org.ballerinalang.net.http.serviceendpoint.Start.startServerConnector(Start.java:63)
	at org.ballerinalang.net.http.serviceendpoint.Start.start(Start.java:41)
	at ballerina.http.1_0_1.service_endpoint.externStart(service_endpoint.bal:148)
	at ballerina.http.1_0_1.$value$Listener.startEndpoint(service_endpoint.bal:119)
	at ballerina.http.1_0_1.$value$Listener.call(service_endpoint.bal)
	at ballerina.http.1_0_1.$value$Listener.__start(service_endpoint.bal:40)
	at ballerina.http.1_0_1.$value$Listener.call(service_endpoint.bal)
	at aneesha.RESTModuleDB.0_1_0.$_init.$aneesha_RESTModuleDB_0_1_0__start_(RESTModuleDB:17)
	at aneesha.RESTModuleDB.0_1_0.$_init.$moduleStart(RESTModuleDB)
	at java.base/jdk.internal.reflect.NativeMethodAccessorImpl.invoke0(Native Method)
	at java.base/jdk.internal.reflect.NativeMethodAccessorImpl.invoke(Unknown Source)
	at java.base/jdk.internal.reflect.DelegatingMethodAccessorImpl.invoke(Unknown Source)
	at java.base/java.lang.reflect.Method.invoke(Unknown Source)
	at org.ballerinalang.test.runtime.entity.TesterinaFunction.lambda$runOnSchedule$0(TesterinaFunction.java:109)
	at io.ballerina.runtime.scheduling.SchedulerItem.execute(Scheduler.java:501)
	at io.ballerina.runtime.scheduling.Scheduler.run(Scheduler.java:277)
	at io.ballerina.runtime.scheduling.Scheduler.runSafely(Scheduler.java:245)
	at java.base/java.lang.Thread.run(Unknown Source)
 
